<?xml version="1.0" encoding="UTF-8"?>
<robot generator="Robot 3.0 (Jython 2.7.0 on java1.8.0_161)" generated="20180130 10:51:04.455">
<suite source="C:\Users\Elie Mulonda\Desktop\cs310-gradle-hello-world\src\test\acceptancetest" name="Acceptancetest" id="s1">
<suite source="C:\Users\Elie Mulonda\Desktop\cs310-gradle-hello-world\src\test\acceptancetest\HelloWorldTests.robot" name="HelloWorldTests" id="s1-s1">
<test name="Say Hello" id="s1-s1-t1">
<kw library="keywords.CustomKeywords" name="Greet Everyone">
<status endtime="20180130 10:51:05.863" starttime="20180130 10:51:05.846" status="PASS"></status>
</kw>
<status critical="yes" endtime="20180130 10:51:05.874" starttime="20180130 10:51:05.826" status="PASS"></status>
</test>
<test name="Say Hello In Pig Latin" id="s1-s1-t2">
<kw library="keywords.CustomKeywords" name="Reverse Greet Everyone">
<status endtime="20180130 10:51:05.905" starttime="20180130 10:51:05.896" status="PASS"></status>
</kw>
<status critical="yes" endtime="20180130 10:51:05.910" starttime="20180130 10:51:05.887" status="PASS"></status>
</test>
<test name="Make Sure You're Saying Hello" id="s1-s1-t3">
<kw library="keywords.CustomKeywords" name="Greet Everyone">
<assign>
<var>${result}</var>
</assign>
<msg level="INFO" timestamp="20180130 10:51:05.960">${result} = hello world</msg>
<status endtime="20180130 10:51:05.965" starttime="20180130 10:51:05.933" status="PASS"></status>
</kw>
<kw library="BuiltIn" name="Should Be Equal">
<doc>Fails if the given objects are unequal.</doc>
<arguments>
<arg>${result}</arg>
<arg>hello world</arg>
</arguments>
<status endtime="20180130 10:51:06.004" starttime="20180130 10:51:05.973" status="PASS"></status>
</kw>
<status critical="yes" endtime="20180130 10:51:06.042" starttime="20180130 10:51:05.920" status="PASS"></status>
</test>
<test name="Make A Test That Fails" id="s1-s1-t4">
<kw library="keywords.CustomKeywords" name="Reverse Greet Everyone">
<assign>
<var>${result}</var>
</assign>
<msg level="INFO" timestamp="20180130 10:51:06.095">${result} = dlrow olleh</msg>
<status endtime="20180130 10:51:06.100" starttime="20180130 10:51:06.079" status="PASS"></status>
</kw>
<kw library="BuiltIn" name="Should Be Equal">
<doc>Fails if the given objects are unequal.</doc>
<arguments>
<arg>${result}</arg>
<arg>dlrow olleh</arg>
</arguments>
<status endtime="20180130 10:51:06.144" starttime="20180130 10:51:06.114" status="PASS"></status>
</kw>
<status critical="yes" endtime="20180130 10:51:06.149" starttime="20180130 10:51:06.063" status="PASS"></status>
</test>
<status endtime="20180130 10:51:06.202" starttime="20180130 10:51:05.664" status="PASS"></status>
</suite>
<status endtime="20180130 10:51:06.293" starttime="20180130 10:51:04.490" status="PASS"></status>
</suite>
<statistics>
<total>
<stat pass="4" fail="0">Critical Tests</stat>
<stat pass="4" fail="0">All Tests</stat>
</total>
<tag>
</tag>
<suite>
<stat pass="4" fail="0" name="Acceptancetest" id="s1">Acceptancetest</stat>
<stat pass="4" fail="0" name="HelloWorldTests" id="s1-s1">Acceptancetest.HelloWorldTests</stat>
</suite>
</statistics>
<errors>
</errors>
</robot>
